<?xml version="1.0" encoding="UTF-8"?>
<!-- Generated by org.testng.reporters.JUnitReportReporter -->
<testsuite hostname="DESKTOP-EU4RJGK" failures="0" tests="1" name="com.nopcommerce.account.Level_02_BasePage_Init" time="3.029" errors="0" timestamp="08 Nov 2023 07:39:54 GMT" skipped="0">
  <testcase classname="com.nopcommerce.account.Level_02_BasePage_Init" name="Register_01_Empty_Data" time="3.029"/>
</testsuite> <!-- com.nopcommerce.account.Level_02_BasePage_Init -->
