<?xml version="1.0" encoding="UTF-8"?>
<!-- Generated by org.testng.reporters.JUnitReportReporter -->
<testsuite hostname="DESKTOP-EU4RJGK" failures="0" tests="1" name="com.nopcommerce.account.GetData" time="3.010" errors="0" timestamp="06 Dec 2023 04:11:18 GMT" skipped="0">
  <testcase classname="com.nopcommerce.account.GetData" name="Register_01_Empty_Data" time="3.010"/>
</testsuite> <!-- com.nopcommerce.account.GetData -->
